\BOOKMARK [1][-]{section.1}{\376\377\000F\000i\000e\000l\000d\000s\000\040\000a\000n\000d\000\040\000R\000i\000n\000g\000s}{}% 1
\BOOKMARK [1][-]{section.2}{\376\377\000V\000e\000c\000t\000o\000r\000\040\000s\000p\000a\000c\000e\000s}{}% 2
\BOOKMARK [1][-]{section.3}{\376\377\000S\000u\000b\000s\000p\000a\000c\000e\000s}{}% 3
\BOOKMARK [1][-]{section.4}{\376\377\000L\000i\000n\000e\000a\000r\000\040\000C\000o\000m\000b\000i\000n\000a\000t\000i\000o\000n\000s\000\040\000a\000n\000d\000\040\000S\000y\000s\000t\000e\000m\000s\000\040\000o\000f\000\040\000l\000i\000n\000e\000a\000r\000\040\000e\000q\000u\000a\000t\000i\000o\000n\000s}{}% 4
\BOOKMARK [1][-]{section.5}{\376\377\000L\000i\000n\000e\000a\000r\000\040\000D\000e\000p\000e\000n\000d\000e\000n\000c\000e\000\040\000a\000n\000d\000\040\000L\000i\000n\000e\000a\000r\000\040\000I\000n\000d\000e\000p\000e\000n\000d\000e\000n\000c\000e}{}% 5
\BOOKMARK [1][-]{section.6}{\376\377\000B\000a\000s\000e\000s\000\040\000a\000n\000d\000\040\000D\000i\000m\000e\000n\000s\000i\000o\000n\000s}{}% 6
\BOOKMARK [1][-]{section.7}{\376\377\000M\000a\000x\000i\000m\000a\000l\000\040\000L\000i\000n\000e\000a\000r\000l\000y\000\040\000I\000n\000d\000e\000p\000e\000n\000d\000e\000n\000t\000\040\000S\000u\000b\000s\000e\000t\000s}{}% 7
\BOOKMARK [1][-]{section.8}{\376\377\000S\000u\000m\000s}{}% 8
\BOOKMARK [1][-]{section.9}{\376\377\000L\000i\000n\000e\000a\000r\000\040\000M\000a\000p\000s}{}% 9
\BOOKMARK [2][-]{subsection.9.1}{\376\377\000N\000u\000l\000l\000\040\000s\000p\000a\000c\000e\000\040\000\050\000n\000u\000l\000l\000i\000t\000y\000\051\000\040\000a\000n\000d\000\040\000R\000a\000n\000g\000e\000\040\000\050\000r\000a\000n\000k\000\051}{section.9}% 10
\BOOKMARK [2][-]{subsection.9.2}{\376\377\000M\000a\000t\000r\000i\000x\000\040\000R\000e\000p\000r\000e\000s\000e\000n\000t\000a\000t\000i\000o\000n}{section.9}% 11
\BOOKMARK [2][-]{subsection.9.3}{\376\377\000S\000c\000a\000l\000i\000n\000g\000\040\000t\000r\000a\000n\000s\000f\000o\000r\000m\000a\000t\000i\000o\000n}{section.9}% 12
\BOOKMARK [2][-]{subsection.9.4}{\376\377\000P\000r\000o\000j\000e\000c\000t\000i\000o\000n}{section.9}% 13
\BOOKMARK [2][-]{subsection.9.5}{\376\377\000R\000o\000t\000a\000t\000i\000o\000n}{section.9}% 14
\BOOKMARK [2][-]{subsection.9.6}{\376\377\000D\000i\000f\000f\000e\000r\000e\000n\000t\000i\000a\000l\000\040\000o\000p\000e\000r\000a\000t\000o\000r\000s}{section.9}% 15
\BOOKMARK [1][-]{section.10}{\376\377\000L\000i\000n\000e\000a\000r\000\040\000f\000o\000r\000m\000s}{}% 16
\BOOKMARK [1][-]{section.11}{\376\377\000C\000h\000a\000n\000g\000e\000\040\000o\000f\000\040\000B\000a\000s\000i\000s}{}% 17
\BOOKMARK [1][-]{section.12}{\376\377\000A\000p\000p\000l\000i\000c\000a\000t\000i\000o\000n\000:\000\040\000C\000o\000d\000i\000n\000g\000\040\000T\000h\000e\000o\000r\000y}{}% 18
\BOOKMARK [2][-]{subsection.12.1}{\376\377\000P\000r\000o\000b\000l\000e\000m\000s}{section.12}% 19
\BOOKMARK [2][-]{subsection.12.2}{\376\377\000H\000a\000m\000m\000i\000n\000g\000\040\000C\000o\000d\000e}{section.12}% 20
\BOOKMARK [1][-]{section.13}{\376\377\000R\000e\000v\000i\000s\000i\000t\000i\000n\000g\000\040\000l\000i\000n\000e\000a\000r\000\040\000s\000y\000s\000t\000e\000m\000s\000\040\000\050\000c\000h\000p\000t\000\040\0003\000\040\000i\000n\000\040\000t\000e\000x\000t\000b\000o\000o\000k\000\051}{}% 21
\BOOKMARK [2][-]{subsection.13.1}{\376\377\000H\000y\000p\000e\000r\000p\000l\000a\000n\000e\000s}{section.13}% 22
\BOOKMARK [2][-]{subsection.13.2}{\376\377\000E\000l\000e\000m\000e\000n\000t\000a\000r\000y\000\040\000M\000a\000t\000r\000i\000c\000e\000s}{section.13}% 23
\BOOKMARK [2][-]{subsection.13.3}{\376\377\000R\000a\000n\000k\000\040\000t\000h\000e\000o\000r\000e\000m\000\040\000f\000o\000r\000\040\000s\000y\000s\000t\000e\000m\000s}{section.13}% 24
\BOOKMARK [2][-]{subsection.13.4}{\376\377\000I\000n\000v\000e\000r\000t\000i\000b\000l\000e\000\040\000m\000a\000t\000r\000i\000c\000e\000s}{section.13}% 25
\BOOKMARK [2][-]{subsection.13.5}{\376\377\000T\000h\000e\000\040\000G\000e\000n\000e\000r\000a\000l\000\040\000L\000i\000n\000e\000a\000r\000\040\000G\000r\000o\000u\000p}{section.13}% 26
\BOOKMARK [2][-]{subsection.13.6}{\376\377\000T\000h\000e\000\040\000s\000y\000m\000m\000e\000t\000r\000i\000c\000\040\000g\000r\000o\000u\000p}{section.13}% 27
\BOOKMARK [2][-]{subsection.13.7}{\376\377\000P\000e\000r\000m\000u\000t\000a\000t\000i\000o\000n\000\040\000m\000a\000t\000r\000i\000c\000e\000s}{section.13}% 28
\BOOKMARK [1][-]{section.14}{\376\377\000T\000h\000e\000\040\000D\000e\000t\000e\000r\000m\000i\000n\000a\000n\000t}{}% 29
\BOOKMARK [2][-]{subsection.14.1}{\376\377\000D\000e\000t\000e\000r\000m\000i\000n\000a\000n\000t\000\040\000o\000f\000\040\000o\000r\000d\000e\000r\000\040\0002}{section.14}% 30
\BOOKMARK [2][-]{subsection.14.2}{\376\377\000D\000e\000t\000e\000r\000m\000i\000n\000a\000n\000t\000\040\000o\000f\000\040\000o\000r\000d\000e\000r\000\040\000n}{section.14}% 31
\BOOKMARK [2][-]{subsection.14.3}{\376\377\000P\000r\000o\000p\000e\000r\000t\000i\000e\000s\000\040\000o\000f\000\040\000t\000h\000e\000\040\000d\000e\000t\000e\000r\000m\000i\000n\000a\000n\000t}{section.14}% 32
\BOOKMARK [2][-]{subsection.14.4}{\376\377\000L\000e\000b\000n\000i\000t\000z\000\040\000f\000o\000r\000m\000u\000l\000a}{section.14}% 33
\BOOKMARK [1][-]{section.15}{\376\377\000D\000i\000a\000g\000o\000n\000a\000l\000i\000z\000a\000t\000i\000o\000n}{}% 34
\BOOKMARK [2][-]{subsection.15.1}{\376\377\000E\000i\000g\000e\000n\000v\000a\000l\000u\000e\000s\000\040\000a\000n\000d\000\040\000E\000i\000g\000e\000n\000v\000e\000c\000t\000o\000r\000s}{section.15}% 35
\BOOKMARK [2][-]{subsection.15.2}{\376\377\000M\000u\000l\000t\000i\000l\000i\000n\000e\000a\000r\000i\000t\000y}{section.15}% 36
